Determining if the CL_VERSION_2_2 exist failed with the following output:
Change Dir: /Users/vk/software/test-regression/build/CMakeFiles/CMakeTmp

Run Build Command:"/usr/bin/make" "cmTC_3d99c/fast"
/Library/Developer/CommandLineTools/usr/bin/make -f CMakeFiles/cmTC_3d99c.dir/build.make CMakeFiles/cmTC_3d99c.dir/build
Building CXX object CMakeFiles/cmTC_3d99c.dir/CheckSymbolExists.cxx.o
/usr/local/opt/llvm/bin/clang++    --std=c++17  -m64 -pipe -fsigned-char -fno-common -Qunused-arguments -pthread -std=c++1z -stdlib=libc++    -o CMakeFiles/cmTC_3d99c.dir/CheckSymbolExists.cxx.o -c /Users/vk/software/test-regression/build/CMakeFiles/CMakeTmp/CheckSymbolExists.cxx
/Users/vk/software/test-regression/build/CMakeFiles/CMakeTmp/CheckSymbolExists.cxx:8:19: error: use of undeclared identifier 'CL_VERSION_2_2'
  return ((int*)(&CL_VERSION_2_2))[argc];
                  ^
1 error generated.
make[1]: *** [CMakeFiles/cmTC_3d99c.dir/CheckSymbolExists.cxx.o] Error 1
make: *** [cmTC_3d99c/fast] Error 2

File /Users/vk/software/test-regression/build/CMakeFiles/CMakeTmp/CheckSymbolExists.cxx:
/* */
#include </System/Library/Frameworks/OpenCL.framework/Headers/cl.h>

int main(int argc, char** argv)
{
  (void)argv;
#ifndef CL_VERSION_2_2
  return ((int*)(&CL_VERSION_2_2))[argc];
#else
  (void)argc;
  return 0;
#endif
}

Determining if the CL_VERSION_2_1 exist failed with the following output:
Change Dir: /Users/vk/software/test-regression/build/CMakeFiles/CMakeTmp

Run Build Command:"/usr/bin/make" "cmTC_050ee/fast"
/Library/Developer/CommandLineTools/usr/bin/make -f CMakeFiles/cmTC_050ee.dir/build.make CMakeFiles/cmTC_050ee.dir/build
Building CXX object CMakeFiles/cmTC_050ee.dir/CheckSymbolExists.cxx.o
/usr/local/opt/llvm/bin/clang++    --std=c++17  -m64 -pipe -fsigned-char -fno-common -Qunused-arguments -pthread -std=c++1z -stdlib=libc++    -o CMakeFiles/cmTC_050ee.dir/CheckSymbolExists.cxx.o -c /Users/vk/software/test-regression/build/CMakeFiles/CMakeTmp/CheckSymbolExists.cxx
/Users/vk/software/test-regression/build/CMakeFiles/CMakeTmp/CheckSymbolExists.cxx:8:19: error: use of undeclared identifier 'CL_VERSION_2_1'
  return ((int*)(&CL_VERSION_2_1))[argc];
                  ^
1 error generated.
make[1]: *** [CMakeFiles/cmTC_050ee.dir/CheckSymbolExists.cxx.o] Error 1
make: *** [cmTC_050ee/fast] Error 2

File /Users/vk/software/test-regression/build/CMakeFiles/CMakeTmp/CheckSymbolExists.cxx:
/* */
#include </System/Library/Frameworks/OpenCL.framework/Headers/cl.h>

int main(int argc, char** argv)
{
  (void)argv;
#ifndef CL_VERSION_2_1
  return ((int*)(&CL_VERSION_2_1))[argc];
#else
  (void)argc;
  return 0;
#endif
}

Determining if the CL_VERSION_2_0 exist failed with the following output:
Change Dir: /Users/vk/software/test-regression/build/CMakeFiles/CMakeTmp

Run Build Command:"/usr/bin/make" "cmTC_427a2/fast"
/Library/Developer/CommandLineTools/usr/bin/make -f CMakeFiles/cmTC_427a2.dir/build.make CMakeFiles/cmTC_427a2.dir/build
Building CXX object CMakeFiles/cmTC_427a2.dir/CheckSymbolExists.cxx.o
/usr/local/opt/llvm/bin/clang++    --std=c++17  -m64 -pipe -fsigned-char -fno-common -Qunused-arguments -pthread -std=c++1z -stdlib=libc++    -o CMakeFiles/cmTC_427a2.dir/CheckSymbolExists.cxx.o -c /Users/vk/software/test-regression/build/CMakeFiles/CMakeTmp/CheckSymbolExists.cxx
/Users/vk/software/test-regression/build/CMakeFiles/CMakeTmp/CheckSymbolExists.cxx:8:19: error: use of undeclared identifier 'CL_VERSION_2_0'
  return ((int*)(&CL_VERSION_2_0))[argc];
                  ^
1 error generated.
make[1]: *** [CMakeFiles/cmTC_427a2.dir/CheckSymbolExists.cxx.o] Error 1
make: *** [cmTC_427a2/fast] Error 2

File /Users/vk/software/test-regression/build/CMakeFiles/CMakeTmp/CheckSymbolExists.cxx:
/* */
#include </System/Library/Frameworks/OpenCL.framework/Headers/cl.h>

int main(int argc, char** argv)
{
  (void)argv;
#ifndef CL_VERSION_2_0
  return ((int*)(&CL_VERSION_2_0))[argc];
#else
  (void)argc;
  return 0;
#endif
}

Compiling the CUDA compiler identification source file "CMakeCUDACompilerId.cu" failed.
Compiler: /usr/local/cuda/bin/nvcc 
Build flags: 
Id flags:  -v;--keep;--keep-dir;tmp

The output was:
1
nvcc fatal   : The version ('70000') of the host compiler ('clang') is not supported


Compiling the CUDA compiler identification source file "CMakeCUDACompilerId.cu" failed.
Compiler: /usr/local/cuda/bin/nvcc 
Build flags: 
Id flags:  -v;--keep;--keep-dir;tmp

The output was:
1
nvcc fatal   : The version ('70000') of the host compiler ('clang') is not supported


Determining if the CUDA compiler works failed with the following output:
Change Dir: /Users/vk/software/test-regression/build/CMakeFiles/CMakeTmp

Run Build Command:"/usr/bin/make" "cmTC_9632b/fast"
/Library/Developer/CommandLineTools/usr/bin/make -f CMakeFiles/cmTC_9632b.dir/build.make CMakeFiles/cmTC_9632b.dir/build
Building CUDA object CMakeFiles/cmTC_9632b.dir/main.cu.o
/usr/local/cuda/bin/nvcc     -x cu -c /Users/vk/software/test-regression/build/CMakeFiles/CMakeTmp/main.cu -o CMakeFiles/cmTC_9632b.dir/main.cu.o
nvcc fatal   : The version ('70000') of the host compiler ('clang') is not supported
make[1]: *** [CMakeFiles/cmTC_9632b.dir/main.cu.o] Error 1
make: *** [cmTC_9632b/fast] Error 2


